<?xml version="1.0" encoding="UTF-8"?>
<!-- Generated by org.testng.reporters.JUnitReportReporter -->
<testsuite hostname="manoharyadav" failures="0" tests="2" name="phase5project2.testing" time="5.842" errors="0" timestamp="2022-05-23T07:51:03 IST" skipped="0">
  <testcase classname="phase5project2.testing" name="login" time="0.397"/>
  <system-out/>
  <testcase classname="phase5project2.testing" name="launchchrome" time="5.445"/>
  <system-out/>
</testsuite> <!-- phase5project2.testing -->
