<?xml version="1.0" encoding="UTF-8"?>
<!-- Generated by org.testng.reporters.JUnitReportReporter -->
<testsuite hostname="manoharyadav" failures="0" tests="1" name="phase5project2.AppTest" time="0.006" errors="0" timestamp="2022-05-23T07:51:03 IST" skipped="0">
  <testcase classname="phase5project2.AppTest" name="testApp" time="0.006"/>
  <system-out/>
</testsuite> <!-- phase5project2.AppTest -->
