<?xml version="1.0" encoding="UTF-8"?>
<!-- Generated by org.testng.reporters.JUnitReportReporter -->
<testsuite skipped="0" hostname="manoharyadav" name="phase5project2.AppTest" tests="1" failures="0" timestamp="2022-05-23T15:36:55 IST" time="0.017" errors="0">
  <testcase name="testApp" time="0.017" classname="phase5project2.AppTest"/>
  <system-out/>
</testsuite> <!-- phase5project2.AppTest -->
